<?xml version="1.0" encoding="UTF-8"?>
<!-- Generated by org.testng.reporters.JUnitReportReporter -->
<testsuite hostname="samsung-PC" failures="2" tests="11" name="parallel.ParallelRun" time="382.193" errors="0" timestamp="2021-06-06T20:28:42 IST" skipped="0">
  <testcase classname="parallel.ParallelRun" name="runScenario" time="35.635"/>
  <system-out/>
  <testcase classname="parallel.ParallelRun" name="runScenario" time="36.220"/>
  <system-out/>
  <testcase classname="parallel.ParallelRun" name="runScenario" time="35.141">
    <failure message="expected:&lt;true&gt; but was:&lt;false&gt;" type="java.lang.AssertionError">
      <![CDATA[java.lang.AssertionError: expected:<true> but was:<false>
at org.junit.Assert.fail(Assert.java:89)
at org.junit.Assert.failNotEquals(Assert.java:835)
at org.junit.Assert.assertEquals(Assert.java:120)
at org.junit.Assert.assertEquals(Assert.java:146)
at parallel.LoginPageStep.forgot_password_link_should_be_displayed(LoginPageStep.java:35)
at ✽.forgot password link should be displayed(classpath:parallel/LoginPage.feature:11)
]]>
    </failure>
  </testcase> <!-- runScenario -->
  <system-out/>
  <testcase classname="parallel.ParallelRun" name="runScenario" time="10.728"/>
  <system-out/>
  <testcase classname="parallel.ParallelRun" name="runScenario" time="36.253">
    <failure type="java.lang.AssertionError">
      <![CDATA[java.lang.AssertionError
at org.junit.Assert.fail(Assert.java:87)
at org.junit.Assert.assertTrue(Assert.java:42)
at org.junit.Assert.assertTrue(Assert.java:53)
at parallel.HomePageSteps.the_title_of_page_should_be(HomePageSteps.java:41)
at ✽.the title of page should be "Products"(classpath:parallel/HomePage.feature:77)
]]>
    </failure>
  </testcase> <!-- runScenario -->
  <system-out/>
  <testcase classname="parallel.ParallelRun" name="runScenario" time="35.251"/>
  <system-out/>
  <testcase classname="parallel.ParallelRun" name="runScenario" time="36.303"/>
  <system-out/>
  <testcase classname="parallel.ParallelRun" name="runScenario" time="36.960"/>
  <system-out/>
  <testcase classname="parallel.ParallelRun" name="runScenario" time="44.508"/>
  <system-out/>
  <testcase classname="parallel.ParallelRun" name="runScenario" time="35.133"/>
  <system-out/>
  <testcase classname="parallel.ParallelRun" name="runScenario" time="40.061"/>
  <system-out/>
</testsuite> <!-- parallel.ParallelRun -->
